<?xml version="1.0" encoding="UTF-8"?>
<!-- Generated by org.testng.reporters.JUnitXMLReporter -->
<testsuite hostname="LTIN339106" name="ChromeTest" tests="44" failures="0" timestamp="22 Nov 2021 13:43:20 GMT" time="22.704" errors="0">
  <testcase name="@BeforeClass openBrowser" time="0.0" classname="com.qa.ac.test.OurPresence">
    <failure type="org.openqa.selenium.NoSuchWindowException" message="no such window: target window already closed
from unknown error: web view not found
  (Session info: chrome=93.0.4577.82)
Build info: version: &amp;apos;3.141.59&amp;apos;, revision: &amp;apos;e82be7d358&amp;apos;, time: &amp;apos;2018-11-14T08:17:03&amp;apos;
System info: host: &amp;apos;LTIN339106&amp;apos;, ip: &amp;apos;192.168.1.2&amp;apos;, os.name: &amp;apos;Windows 10&amp;apos;, os.arch: &amp;apos;amd64&amp;apos;, os.version: &amp;apos;10.0&amp;apos;, java.version: &amp;apos;1.8.0_271&amp;apos;
Driver info: org.openqa.selenium.chrome.ChromeDriver
Capabilities {acceptInsecureCerts: false, browserName: chrome, browserVersion: 93.0.4577.82, chrome: {chromedriverVersion: 93.0.4577.63 (ff5c0da2ec0ad..., userDataDir: C:\Users\2066410\AppData\Lo...}, goog:chromeOptions: {debuggerAddress: localhost:49843}, javascriptEnabled: true, networkConnectionEnabled: false, pageLoadStrategy: normal, platform: WINDOWS, platformName: WINDOWS, proxy: Proxy(), setWindowRect: true, strictFileInteractability: false, timeouts: {implicit: 0, pageLoad: 300000, script: 30000}, unhandledPromptBehavior: dismiss and notify, webauthn:extension:credBlob: true, webauthn:extension:largeBlob: true, webauthn:virtualAuthenticators: true}
Session ID: 720113557eb0d28fdd8070034ed01f94">
      <![CDATA[org.openqa.selenium.NoSuchWindowException: no such window: target window already closed
from unknown error: web view not found
  (Session info: chrome=93.0.4577.82)
Build info: version: '3.141.59', revision: 'e82be7d358', time: '2018-11-14T08:17:03'
System info: host: 'LTIN339106', ip: '192.168.1.2', os.name: 'Windows 10', os.arch: 'amd64', os.version: '10.0', java.version: '1.8.0_271'
Driver info: org.openqa.selenium.chrome.ChromeDriver
Capabilities {acceptInsecureCerts: false, browserName: chrome, browserVersion: 93.0.4577.82, chrome: {chromedriverVersion: 93.0.4577.63 (ff5c0da2ec0ad..., userDataDir: C:\Users\2066410\AppData\Lo...}, goog:chromeOptions: {debuggerAddress: localhost:49843}, javascriptEnabled: true, networkConnectionEnabled: false, pageLoadStrategy: normal, platform: WINDOWS, platformName: WINDOWS, proxy: Proxy(), setWindowRect: true, strictFileInteractability: false, timeouts: {implicit: 0, pageLoad: 300000, script: 30000}, unhandledPromptBehavior: dismiss and notify, webauthn:extension:credBlob: true, webauthn:extension:largeBlob: true, webauthn:virtualAuthenticators: true}
Session ID: 720113557eb0d28fdd8070034ed01f94
	at org.openqa.selenium.remote.http.W3CHttpResponseCodec.createException(W3CHttpResponseCodec.java:187)
	at org.openqa.selenium.remote.http.W3CHttpResponseCodec.decode(W3CHttpResponseCodec.java:122)
	at org.openqa.selenium.remote.http.W3CHttpResponseCodec.decode(W3CHttpResponseCodec.java:49)
	at org.openqa.selenium.remote.HttpCommandExecutor.execute(HttpCommandExecutor.java:158)
	at org.openqa.selenium.remote.service.DriverCommandExecutor.execute(DriverCommandExecutor.java:83)
	at org.openqa.selenium.remote.RemoteWebDriver.execute(RemoteWebDriver.java:552)
	at org.openqa.selenium.remote.RemoteWebDriver.execute(RemoteWebDriver.java:609)
	at org.openqa.selenium.remote.RemoteWebDriver$RemoteWebDriverOptions$RemoteWindow.maximize(RemoteWebDriver.java:837)
	at com.qa.ac.generic.BaseClass.openBrowser(BaseClass.java:24)
... Removed 28 stack frames]]>
    </failure>
  </testcase> <!-- @BeforeClass openBrowser -->
  <testcase name="@AfterClass closeBrowser" time="0.0" classname="com.qa.ac.test.OurPresence">
    <skipped/>
  </testcase> <!-- @AfterClass closeBrowser -->
  <testcase name="@BeforeClass openBrowser" time="0.0" classname="com.qa.ac.test.Sustainability">
    <skipped/>
  </testcase> <!-- @BeforeClass openBrowser -->
  <testcase name="@AfterClass closeBrowser" time="0.0" classname="com.qa.ac.test.Sustainability">
    <skipped/>
  </testcase> <!-- @AfterClass closeBrowser -->
  <testcase name="@BeforeClass openBrowser" time="0.0" classname="com.qa.ac.test.SignUpForContactUs">
    <skipped/>
  </testcase> <!-- @BeforeClass openBrowser -->
  <testcase name="@AfterClass closeBrowser" time="0.0" classname="com.qa.ac.test.SignUpForContactUs">
    <skipped/>
  </testcase> <!-- @AfterClass closeBrowser -->
  <testcase name="@BeforeClass openBrowser" time="0.0" classname="com.qa.ac.test.OurLeaders">
    <skipped/>
  </testcase> <!-- @BeforeClass openBrowser -->
  <testcase name="@AfterClass closeBrowser" time="0.0" classname="com.qa.ac.test.OurLeaders">
    <skipped/>
  </testcase> <!-- @AfterClass closeBrowser -->
  <testcase name="@BeforeClass openBrowser" time="0.0" classname="com.qa.ac.test.OurPortfolioCompanies">
    <skipped/>
  </testcase> <!-- @BeforeClass openBrowser -->
  <testcase name="@AfterClass closeBrowser" time="0.0" classname="com.qa.ac.test.OurPortfolioCompanies">
    <skipped/>
  </testcase> <!-- @AfterClass closeBrowser -->
  <testcase name="@BeforeClass openBrowser" time="0.0" classname="com.qa.ac.test.VerifyHomepage">
    <skipped/>
  </testcase> <!-- @BeforeClass openBrowser -->
  <testcase name="@AfterClass closeBrowser" time="0.0" classname="com.qa.ac.test.VerifyHomepage">
    <skipped/>
  </testcase> <!-- @AfterClass closeBrowser -->
  <testcase name="@BeforeClass openBrowser" time="0.0" classname="com.qa.ac.test.OurBrandBabyCare">
    <skipped/>
  </testcase> <!-- @BeforeClass openBrowser -->
  <testcase name="@AfterClass closeBrowser" time="0.0" classname="com.qa.ac.test.OurBrandBabyCare">
    <skipped/>
  </testcase> <!-- @AfterClass closeBrowser -->
  <testcase name="@BeforeClass openBrowser" time="0.0" classname="com.qa.ac.test.Careers">
    <skipped/>
  </testcase> <!-- @BeforeClass openBrowser -->
  <testcase name="@AfterClass closeBrowser" time="0.0" classname="com.qa.ac.test.Careers">
    <skipped/>
  </testcase> <!-- @AfterClass closeBrowser -->
  <testcase name="@BeforeClass openBrowser" time="0.0" classname="com.qa.ac.test.OurBusiness">
    <skipped/>
  </testcase> <!-- @BeforeClass openBrowser -->
  <testcase name="@AfterClass closeBrowser" time="0.0" classname="com.qa.ac.test.OurBusiness">
    <skipped/>
  </testcase> <!-- @AfterClass closeBrowser -->
  <testcase name="@BeforeClass openBrowser" time="0.0" classname="com.qa.ac.test.ProductBabyCare">
    <skipped/>
  </testcase> <!-- @BeforeClass openBrowser -->
  <testcase name="@AfterClass closeBrowser" time="0.0" classname="com.qa.ac.test.ProductBabyCare">
    <skipped/>
  </testcase> <!-- @AfterClass closeBrowser -->
  <testcase name="@BeforeClass openBrowser" time="0.0" classname="com.qa.ac.test.OurHistory">
    <skipped/>
  </testcase> <!-- @BeforeClass openBrowser -->
  <testcase name="@AfterClass closeBrowser" time="0.0" classname="com.qa.ac.test.OurHistory">
    <skipped/>
  </testcase> <!-- @AfterClass closeBrowser -->
  <testcase name="@BeforeClass openBrowser" time="0.0" classname="com.qa.ac.test.ContactUs">
    <skipped/>
  </testcase> <!-- @BeforeClass openBrowser -->
  <testcase name="@AfterClass closeBrowser" time="0.0" classname="com.qa.ac.test.ContactUs">
    <skipped/>
  </testcase> <!-- @AfterClass closeBrowser -->
  <testcase name="@BeforeClass openBrowser" time="0.0" classname="com.qa.ac.test.OurBrandOthers">
    <skipped/>
  </testcase> <!-- @BeforeClass openBrowser -->
  <testcase name="@AfterClass closeBrowser" time="0.0" classname="com.qa.ac.test.OurBrandOthers">
    <skipped/>
  </testcase> <!-- @AfterClass closeBrowser -->
  <testcase name="@BeforeClass openBrowser" time="0.0" classname="com.qa.ac.test.OurBrandDisplay">
    <skipped/>
  </testcase> <!-- @BeforeClass openBrowser -->
  <testcase name="@AfterClass closeBrowser" time="0.0" classname="com.qa.ac.test.OurBrandDisplay">
    <skipped/>
  </testcase> <!-- @AfterClass closeBrowser -->
  <testcase name="@BeforeClass openBrowser" time="0.0" classname="com.qa.ac.test.PressRealse">
    <skipped/>
  </testcase> <!-- @BeforeClass openBrowser -->
  <testcase name="@AfterClass closeBrowser" time="0.0" classname="com.qa.ac.test.PressRealse">
    <skipped/>
  </testcase> <!-- @AfterClass closeBrowser -->
  <testcase name="@BeforeClass openBrowser" time="0.0" classname="com.qa.ac.test.ProductOthers">
    <skipped/>
  </testcase> <!-- @BeforeClass openBrowser -->
  <testcase name="@AfterClass closeBrowser" time="0.0" classname="com.qa.ac.test.ProductOthers">
    <skipped/>
  </testcase> <!-- @AfterClass closeBrowser -->
  <testcase name="@BeforeClass openBrowser" time="0.0" classname="com.qa.ac.test.ProductList">
    <skipped/>
  </testcase> <!-- @BeforeClass openBrowser -->
  <testcase name="@AfterClass closeBrowser" time="0.0" classname="com.qa.ac.test.ProductList">
    <skipped/>
  </testcase> <!-- @AfterClass closeBrowser -->
  <testcase name="@BeforeClass openBrowser" time="0.0" classname="com.qa.ac.test.LatestNews">
    <skipped/>
  </testcase> <!-- @BeforeClass openBrowser -->
  <testcase name="@AfterClass closeBrowser" time="0.0" classname="com.qa.ac.test.LatestNews">
    <skipped/>
  </testcase> <!-- @AfterClass closeBrowser -->
  <testcase name="@BeforeClass openBrowser" time="0.0" classname="com.qa.ac.test.ProductClinical">
    <skipped/>
  </testcase> <!-- @BeforeClass openBrowser -->
  <testcase name="@AfterClass closeBrowser" time="0.0" classname="com.qa.ac.test.ProductClinical">
    <skipped/>
  </testcase> <!-- @AfterClass closeBrowser -->
  <testcase name="@BeforeClass openBrowser" time="0.0" classname="com.qa.ac.test.OurBrandCategoryAll">
    <skipped/>
  </testcase> <!-- @BeforeClass openBrowser -->
  <testcase name="@AfterClass closeBrowser" time="0.0" classname="com.qa.ac.test.OurBrandCategoryAll">
    <skipped/>
  </testcase> <!-- @AfterClass closeBrowser -->
  <testcase name="@BeforeClass openBrowser" time="0.0" classname="com.qa.ac.test.OurBrandClinical">
    <skipped/>
  </testcase> <!-- @BeforeClass openBrowser -->
  <testcase name="@AfterClass closeBrowser" time="0.0" classname="com.qa.ac.test.OurBrandClinical">
    <skipped/>
  </testcase> <!-- @AfterClass closeBrowser -->
  <testcase name="@BeforeClass openBrowser" time="0.0" classname="com.qa.ac.test.SignUpForNews">
    <skipped/>
  </testcase> <!-- @BeforeClass openBrowser -->
  <testcase name="@AfterClass closeBrowser" time="0.0" classname="com.qa.ac.test.SignUpForNews">
    <skipped/>
  </testcase> <!-- @AfterClass closeBrowser -->
  <testcase name="@BeforeClass openBrowser" time="0.0" classname="com.qa.ac.test.ProductAdultIncontinence">
    <skipped/>
  </testcase> <!-- @BeforeClass openBrowser -->
  <testcase name="@AfterClass closeBrowser" time="0.0" classname="com.qa.ac.test.ProductAdultIncontinence">
    <skipped/>
  </testcase> <!-- @AfterClass closeBrowser -->
  <testcase name="@BeforeClass openBrowser" time="0.0" classname="com.qa.ac.test.Newsroom">
    <skipped/>
  </testcase> <!-- @BeforeClass openBrowser -->
  <testcase name="@AfterClass closeBrowser" time="0.0" classname="com.qa.ac.test.Newsroom">
    <skipped/>
  </testcase> <!-- @AfterClass closeBrowser -->
  <testcase name="@BeforeClass openBrowser" time="0.0" classname="com.qa.ac.test.OurBrandAdultIncontinence">
    <skipped/>
  </testcase> <!-- @BeforeClass openBrowser -->
  <testcase name="@AfterClass closeBrowser" time="0.0" classname="com.qa.ac.test.OurBrandAdultIncontinence">
    <skipped/>
  </testcase> <!-- @AfterClass closeBrowser -->
  <testcase name="@BeforeClass openBrowser" time="0.0" classname="com.qa.ac.test.OpportunitiesCarrer">
    <skipped/>
  </testcase> <!-- @BeforeClass openBrowser -->
  <testcase name="@AfterClass closeBrowser" time="0.0" classname="com.qa.ac.test.OpportunitiesCarrer">
    <skipped/>
  </testcase> <!-- @AfterClass closeBrowser -->
  <testcase name="@BeforeClass openBrowser" time="0.0" classname="com.qa.ac.test.SignUpForMediaContact">
    <skipped/>
  </testcase> <!-- @BeforeClass openBrowser -->
  <testcase name="@AfterClass closeBrowser" time="0.0" classname="com.qa.ac.test.SignUpForMediaContact">
    <skipped/>
  </testcase> <!-- @AfterClass closeBrowser -->
  <testcase name="@BeforeClass openBrowser" time="0.0" classname="com.qa.ac.test.MediaContact">
    <skipped/>
  </testcase> <!-- @BeforeClass openBrowser -->
  <testcase name="@AfterClass closeBrowser" time="0.0" classname="com.qa.ac.test.MediaContact">
    <skipped/>
  </testcase> <!-- @AfterClass closeBrowser -->
  <testcase name="@BeforeClass openBrowser" time="0.0" classname="com.qa.ac.test.OurBrand">
    <skipped/>
  </testcase> <!-- @BeforeClass openBrowser -->
  <testcase name="@AfterClass closeBrowser" time="0.0" classname="com.qa.ac.test.OurBrand">
    <skipped/>
  </testcase> <!-- @AfterClass closeBrowser -->
  <testcase name="@BeforeClass openBrowser" time="0.0" classname="com.qa.ac.test.newsSignUp">
    <skipped/>
  </testcase> <!-- @BeforeClass openBrowser -->
  <testcase name="@AfterClass closeBrowser" time="0.0" classname="com.qa.ac.test.newsSignUp">
    <skipped/>
  </testcase> <!-- @AfterClass closeBrowser -->
  <testcase name="@BeforeClass openBrowser" time="0.0" classname="com.qa.ac.test.MakingItPersonal">
    <skipped/>
  </testcase> <!-- @BeforeClass openBrowser -->
  <testcase name="@AfterClass closeBrowser" time="0.0" classname="com.qa.ac.test.MakingItPersonal">
    <skipped/>
  </testcase> <!-- @AfterClass closeBrowser -->
  <testcase name="@BeforeClass openBrowser" time="0.0" classname="com.qa.ac.test.OurProducts">
    <skipped/>
  </testcase> <!-- @BeforeClass openBrowser -->
  <testcase name="@AfterClass closeBrowser" time="0.0" classname="com.qa.ac.test.OurProducts">
    <skipped/>
  </testcase> <!-- @AfterClass closeBrowser -->
  <testcase name="verifyTitle" time="0.001" classname="com.qa.ac.test.OurPresence">
    <skipped/>
  </testcase> <!-- verifyTitle -->
  <testcase name="sustainability" time="0.002" classname="com.qa.ac.test.Sustainability">
    <skipped/>
  </testcase> <!-- sustainability -->
  <testcase name="signUp" time="0.001" classname="com.qa.ac.test.SignUpForContactUs">
    <skipped/>
  </testcase> <!-- signUp -->
  <testcase name="signUp" time="0.001" classname="com.qa.ac.test.SignUpForContactUs">
    <skipped/>
  </testcase> <!-- signUp -->
  <testcase name="signUp" time="0.001" classname="com.qa.ac.test.SignUpForContactUs">
    <skipped/>
  </testcase> <!-- signUp -->
  <testcase name="signUp" time="0.001" classname="com.qa.ac.test.SignUpForContactUs">
    <skipped/>
  </testcase> <!-- signUp -->
  <testcase name="signUp" time="0.001" classname="com.qa.ac.test.SignUpForContactUs">
    <skipped/>
  </testcase> <!-- signUp -->
  <testcase name="verifyTitle" time="0.001" classname="com.qa.ac.test.OurLeaders">
    <skipped/>
  </testcase> <!-- verifyTitle -->
  <testcase name="verifyTitle" time="0.001" classname="com.qa.ac.test.OurPortfolioCompanies">
    <skipped/>
  </testcase> <!-- verifyTitle -->
  <testcase name="verifyTitle" time="0.001" classname="com.qa.ac.test.VerifyHomepage">
    <skipped/>
  </testcase> <!-- verifyTitle -->
  <testcase name="ourBrandBabyCare" time="0.001" classname="com.qa.ac.test.OurBrandBabyCare">
    <skipped/>
  </testcase> <!-- ourBrandBabyCare -->
  <testcase name="careers" time="0.0" classname="com.qa.ac.test.Careers">
    <skipped/>
  </testcase> <!-- careers -->
  <testcase name="verifyTitle" time="0.0" classname="com.qa.ac.test.OurBusiness">
    <skipped/>
  </testcase> <!-- verifyTitle -->
  <testcase name="Ourproducts" time="0.0" classname="com.qa.ac.test.ProductBabyCare">
    <skipped/>
  </testcase> <!-- Ourproducts -->
  <testcase name="verifyTitle" time="0.0" classname="com.qa.ac.test.OurHistory">
    <skipped/>
  </testcase> <!-- verifyTitle -->
  <testcase name="contactUs" time="0.0" classname="com.qa.ac.test.ContactUs">
    <skipped/>
  </testcase> <!-- contactUs -->
  <testcase name="ourBrandBabyCare" time="0.001" classname="com.qa.ac.test.OurBrandOthers">
    <skipped/>
  </testcase> <!-- ourBrandBabyCare -->
  <testcase name="ourBrandDisplay" time="0.0" classname="com.qa.ac.test.OurBrandDisplay">
    <skipped/>
  </testcase> <!-- ourBrandDisplay -->
  <testcase name="pressRealse" time="0.0" classname="com.qa.ac.test.PressRealse">
    <skipped/>
  </testcase> <!-- pressRealse -->
  <testcase name="Ourproducts" time="0.0" classname="com.qa.ac.test.ProductOthers">
    <skipped/>
  </testcase> <!-- Ourproducts -->
  <testcase name="Ourproducts" time="0.0" classname="com.qa.ac.test.ProductList">
    <skipped/>
  </testcase> <!-- Ourproducts -->
  <testcase name="latestNews" time="0.0" classname="com.qa.ac.test.LatestNews">
    <skipped/>
  </testcase> <!-- latestNews -->
  <testcase name="Ourproducts" time="0.001" classname="com.qa.ac.test.ProductClinical">
    <skipped/>
  </testcase> <!-- Ourproducts -->
  <testcase name="ourBrandCategory" time="0.001" classname="com.qa.ac.test.OurBrandCategoryAll">
    <skipped/>
  </testcase> <!-- ourBrandCategory -->
  <testcase name="ourBrandClinical" time="0.001" classname="com.qa.ac.test.OurBrandClinical">
    <skipped/>
  </testcase> <!-- ourBrandClinical -->
  <testcase name="signUp" time="0.001" classname="com.qa.ac.test.SignUpForNews">
    <skipped/>
  </testcase> <!-- signUp -->
  <testcase name="signUp" time="0.001" classname="com.qa.ac.test.SignUpForNews">
    <skipped/>
  </testcase> <!-- signUp -->
  <testcase name="signUp" time="0.001" classname="com.qa.ac.test.SignUpForNews">
    <skipped/>
  </testcase> <!-- signUp -->
  <testcase name="signUp" time="0.0" classname="com.qa.ac.test.SignUpForNews">
    <skipped/>
  </testcase> <!-- signUp -->
  <testcase name="signUp" time="0.0" classname="com.qa.ac.test.SignUpForNews">
    <skipped/>
  </testcase> <!-- signUp -->
  <testcase name="Ourproducts" time="0.001" classname="com.qa.ac.test.ProductAdultIncontinence">
    <skipped/>
  </testcase> <!-- Ourproducts -->
  <testcase name="NewsRoom" time="0.0" classname="com.qa.ac.test.Newsroom">
    <skipped/>
  </testcase> <!-- NewsRoom -->
  <testcase name="ourBrandAdult" time="0.001" classname="com.qa.ac.test.OurBrandAdultIncontinence">
    <skipped/>
  </testcase> <!-- ourBrandAdult -->
  <testcase name="careers" time="0.0" classname="com.qa.ac.test.OpportunitiesCarrer">
    <skipped/>
  </testcase> <!-- careers -->
  <testcase name="signUp" time="0.001" classname="com.qa.ac.test.SignUpForMediaContact">
    <skipped/>
  </testcase> <!-- signUp -->
  <testcase name="signUp" time="0.001" classname="com.qa.ac.test.SignUpForMediaContact">
    <skipped/>
  </testcase> <!-- signUp -->
  <testcase name="signUp" time="0.0" classname="com.qa.ac.test.SignUpForMediaContact">
    <skipped/>
  </testcase> <!-- signUp -->
  <testcase name="signUp" time="0.0" classname="com.qa.ac.test.SignUpForMediaContact">
    <skipped/>
  </testcase> <!-- signUp -->
  <testcase name="signUp" time="0.0" classname="com.qa.ac.test.SignUpForMediaContact">
    <skipped/>
  </testcase> <!-- signUp -->
  <testcase name="mediaContact" time="0.0" classname="com.qa.ac.test.MediaContact">
    <skipped/>
  </testcase> <!-- mediaContact -->
  <testcase name="Ourbrand" time="0.001" classname="com.qa.ac.test.OurBrand">
    <skipped/>
  </testcase> <!-- Ourbrand -->
  <testcase name="signUp" time="0.001" classname="com.qa.ac.test.newsSignUp">
    <skipped/>
  </testcase> <!-- signUp -->
  <testcase name="verifyTitle" time="0.001" classname="com.qa.ac.test.MakingItPersonal">
    <skipped/>
  </testcase> <!-- verifyTitle -->
  <testcase name="Ourproducts" time="0.001" classname="com.qa.ac.test.OurProducts">
    <skipped/>
  </testcase> <!-- Ourproducts -->
</testsuite> <!-- ChromeTest -->
