<?xml version="1.0" encoding="UTF-8"?>
<!-- Generated by org.testng.reporters.JUnitXMLReporter -->
<testsuite hostname="LTIN339106" name="Test_All" tests="2" failures="1" timestamp="9 Nov 2021 03:04:50 GMT" time="0.013" errors="0">
  <testcase name="@BeforeSuite beforeSuite" time="0.0" classname="com.qa.ac.test.ContactUs">
    <failure type="java.lang.IllegalMonitorStateException">
      <![CDATA[java.lang.IllegalMonitorStateException
	at java.lang.Object.notifyAll(Native Method)
	at com.qa.ExtentReportListener.ExtentManager.setExtent(ExtentManager.java:27)
	at com.qa.ac.generic.BaseClass.beforeSuite(BaseClass.java:38)
... Removed 18 stack frames]]>
    </failure>
  </testcase> <!-- @BeforeSuite beforeSuite -->
  <testcase name="@AfterClass closeBrowser" time="0.0" classname="com.qa.ac.test.ContactUs">
    <skipped/>
  </testcase> <!-- @AfterClass closeBrowser -->
  <testcase name="contactUs" time="0.0" classname="com.qa.ac.test.ContactUs">
    <skipped/>
  </testcase> <!-- contactUs -->
  <testcase name="contactUs" time="0.004" classname="com.qa.ac.test.ContactUs">
    <failure type="java.lang.NullPointerException">
      <![CDATA[java.lang.NullPointerException
	at com.qa.ExtentReportListener.ListenerClass.onTestSkipped(ListenerClass.java:52)
... Removed 21 stack frames]]>
    </failure>
  </testcase> <!-- contactUs -->
</testsuite> <!-- Test_All -->
