<?xml version="1.0" encoding="UTF-8"?>
<testng-results ignored="0" total="1" passed="1" failed="0" skipped="0">
  <reporter-output>
    <line>
      <![CDATA[Adult Incontinence Products | Attends]]>
    </line>
  </reporter-output>
  <suite started-at="2022-03-10T07:18:20 UTC" name="Suite" finished-at="2022-03-10T07:22:31 UTC" duration-ms="251283">
    <groups>
    </groups>
    <test started-at="2022-03-10T07:18:20 UTC" name="ChromeTest" finished-at="2022-03-10T07:22:31 UTC" duration-ms="251283">
      <class name="com.qa.ac.test.VerifyHomepage">
        <test-method is-config="true" signature="openBrowser(java.lang.String)[pri:0, instance:com.qa.ac.test.VerifyHomepage@3aefe5e5]" started-at="2022-03-10T07:18:20 UTC" name="openBrowser" finished-at="2022-03-10T07:19:45 UTC" duration-ms="85187" status="PASS">
          <params>
            <param index="0">
              <value>
                <![CDATA[Chrome]]>
              </value>
            </param>
          </params>
          <reporter-output>
          </reporter-output>
        </test-method> <!-- openBrowser -->
        <test-method signature="verifyTitle()[pri:0, instance:com.qa.ac.test.VerifyHomepage@3aefe5e5]" started-at="2022-03-10T07:19:45 UTC" name="verifyTitle" finished-at="2022-03-10T07:22:29 UTC" duration-ms="163983" status="PASS">
          <reporter-output>
            <line>
              <![CDATA[Adult Incontinence Products | Attends]]>
            </line>
          </reporter-output>
        </test-method> <!-- verifyTitle -->
        <test-method is-config="true" signature="closeBrowser()[pri:0, instance:com.qa.ac.test.VerifyHomepage@3aefe5e5]" started-at="2022-03-10T07:22:29 UTC" name="closeBrowser" finished-at="2022-03-10T07:22:31 UTC" duration-ms="2078" status="PASS">
          <reporter-output>
          </reporter-output>
        </test-method> <!-- closeBrowser -->
      </class> <!-- com.qa.ac.test.VerifyHomepage -->
    </test> <!-- ChromeTest -->
  </suite> <!-- Suite -->
</testng-results>
